<?xml version="1.0" encoding="UTF-8"?>
<!-- Generated by org.testng.reporters.JUnitReportReporter -->
<testsuite skipped="0" hostname="KING" name="chanzhi.safe_grouping3" tests="1" failures="0" timestamp="05 十二月 2017 12:22:17 GMT" time="12.689" errors="0">
  <testcase name="grouping3" time="12.689" classname="chanzhi.safe_grouping3"/>
</testsuite> <!-- chanzhi.safe_grouping3 -->
