<?xml version="1.0" encoding="UTF-8"?>
<!-- Generated by org.testng.reporters.JUnitReportReporter -->
<testsuite skipped="0" hostname="KING" name="chanzhi.Home_page" tests="1" failures="0" timestamp="01 十二月 2017 09:10:55 GMT" time="13.475" errors="0">
  <testcase name="Home" time="13.475" classname="chanzhi.Home_page"/>
</testsuite> <!-- chanzhi.Home_page -->
