<?xml version="1.0" encoding="UTF-8"?>
<!-- Generated by org.testng.reporters.JUnitReportReporter -->
<testsuite skipped="0" hostname="KING" name="chanzhi.safe_grouping1" tests="1" failures="0" timestamp="05 十二月 2017 11:50:14 GMT" time="14.886" errors="0">
  <testcase name="grouping1" time="14.886" classname="chanzhi.safe_grouping1"/>
</testsuite> <!-- chanzhi.safe_grouping1 -->
