<?xml version="1.0" encoding="UTF-8"?>
<!-- Generated by org.testng.reporters.JUnitReportReporter -->
<testsuite skipped="0" hostname="KING" name="chanzhi.cache2" tests="1" failures="0" timestamp="01 十二月 2017 08:27:11 GMT" time="19.809" errors="0">
  <testcase name="cache1" time="19.809" classname="chanzhi.cache2"/>
</testsuite> <!-- chanzhi.cache2 -->
