<?xml version="1.0" encoding="UTF-8"?>
<!-- Generated by org.testng.reporters.JUnitReportReporter -->
<testsuite skipped="0" hostname="KING" name="chanzhi.safe_admin1" tests="1" failures="0" timestamp="05 十二月 2017 11:33:41 GMT" time="19.336" errors="0">
  <testcase name="admin1" time="19.336" classname="chanzhi.safe_admin1"/>
</testsuite> <!-- chanzhi.safe_admin1 -->
