<?xml version="1.0" encoding="UTF-8"?>
<!-- Generated by org.testng.reporters.JUnitReportReporter -->
<testsuite skipped="0" hostname="KING" name="chanzhi.registration2" tests="1" failures="0" timestamp="01 十二月 2017 09:26:29 GMT" time="23.245" errors="0">
  <testcase name="registration" time="23.245" classname="chanzhi.registration2"/>
</testsuite> <!-- chanzhi.registration2 -->
