<?xml version="1.0" encoding="UTF-8"?>
<!-- Generated by org.testng.reporters.JUnitReportReporter -->
<testsuite skipped="0" hostname="KING" name="chanzhi.language" tests="1" failures="0" timestamp="01 十二月 2017 03:07:49 GMT" time="15.955" errors="0">
  <testcase name="language" time="15.955" classname="chanzhi.language"/>
</testsuite> <!-- chanzhi.language -->
