<?xml version="1.0" encoding="UTF-8"?>
<!-- Generated by org.testng.reporters.JUnitReportReporter -->
<testsuite skipped="0" hostname="KING" name="chanzhi.safe_base1" tests="1" failures="0" timestamp="05 十二月 2017 08:15:45 GMT" time="15.673" errors="0">
  <testcase name="base" time="15.673" classname="chanzhi.safe_base1"/>
</testsuite> <!-- chanzhi.safe_base1 -->
