<?xml version="1.0" encoding="UTF-8"?>
<!-- Generated by org.testng.reporters.JUnitReportReporter -->
<testsuite skipped="0" hostname="KING" name="chanzhi.safe_login2" tests="1" failures="0" timestamp="05 十二月 2017 12:34:51 GMT" time="19.506" errors="0">
  <testcase name="login2" time="19.506" classname="chanzhi.safe_login2"/>
</testsuite> <!-- chanzhi.safe_login2 -->
