<?xml version="1.0" encoding="UTF-8"?>
<!-- Generated by org.testng.reporters.JUnitReportReporter -->
<testsuite skipped="0" hostname="KING" name="chanzhi.registration1_1" tests="1" failures="0" timestamp="06 十二月 2017 02:54:11 GMT" time="15.756" errors="0">
  <testcase name="registration" time="15.756" classname="chanzhi.registration1_1"/>
</testsuite> <!-- chanzhi.registration1_1 -->
