<?xml version="1.0" encoding="UTF-8"?>
<!-- Generated by org.testng.reporters.JUnitReportReporter -->
<testsuite skipped="0" hostname="KING" name="chanzhi.sensitive1" tests="1" failures="0" timestamp="05 十二月 2017 08:05:58 GMT" time="25.703" errors="0">
  <testcase name="sensitive1" time="25.703" classname="chanzhi.sensitive1"/>
</testsuite> <!-- chanzhi.sensitive1 -->
