<?xml version="1.0" encoding="UTF-8"?>
<!-- Generated by org.testng.reporters.JUnitReportReporter -->
<testsuite skipped="0" hostname="KING" name="chanzhi.Domain_name1" tests="1" failures="0" timestamp="06 十二月 2017 02:44:29 GMT" time="16.807" errors="0">
  <testcase name="Domain" time="16.807" classname="chanzhi.Domain_name1"/>
</testsuite> <!-- chanzhi.Domain_name1 -->
