<?xml version="1.0" encoding="UTF-8"?>
<!-- Generated by org.testng.reporters.JUnitReportReporter -->
<testsuite skipped="0" hostname="KING" name="chanzhi.retrieval" tests="1" failures="0" timestamp="01 十二月 2017 09:19:07 GMT" time="13.489" errors="0">
  <testcase name="retrieval" time="13.489" classname="chanzhi.retrieval"/>
</testsuite> <!-- chanzhi.retrieval -->
