<?xml version="1.0" encoding="UTF-8"?>
<!-- Generated by org.testng.reporters.JUnitReportReporter -->
<testsuite skipped="0" hostname="KING" name="chanzhi.safe_admin2" tests="1" failures="0" timestamp="05 十二月 2017 11:36:27 GMT" time="17.899" errors="0">
  <testcase name="admin1" time="17.899" classname="chanzhi.safe_admin2"/>
</testsuite> <!-- chanzhi.safe_admin2 -->
