<?xml version="1.0" encoding="UTF-8"?>
<!-- Generated by org.testng.reporters.JUnitReportReporter -->
<testsuite skipped="0" hostname="KING" name="chanzhi.CDN" tests="1" failures="0" timestamp="01 十二月 2017 07:42:41 GMT" time="23.882" errors="0">
  <testcase name="CDN" time="23.882" classname="chanzhi.CDN"/>
</testsuite> <!-- chanzhi.CDN -->
