<?xml version="1.0" encoding="UTF-8"?>
<!-- Generated by org.testng.reporters.JUnitReportReporter -->
<testsuite skipped="0" hostname="KING" name="chanzhi.safe_white" tests="1" failures="0" timestamp="05 十二月 2017 06:56:41 GMT" time="12.473" errors="0">
  <testcase name="white" time="12.473" classname="chanzhi.safe_white"/>
</testsuite> <!-- chanzhi.safe_white -->
