<?xml version="1.0" encoding="UTF-8"?>
<!-- Generated by org.testng.reporters.JUnitReportReporter -->
<testsuite skipped="0" hostname="KING" name="chanzhi.safe_white2" tests="1" failures="0" timestamp="05 十二月 2017 07:24:50 GMT" time="18.547" errors="0">
  <testcase name="white2" time="18.547" classname="chanzhi.safe_white2"/>
</testsuite> <!-- chanzhi.safe_white2 -->
