<?xml version="1.0" encoding="UTF-8"?>
<!-- Generated by org.testng.reporters.JUnitReportReporter -->
<testsuite skipped="0" hostname="KING" name="chanzhi.safe_base2" tests="1" failures="0" timestamp="05 十二月 2017 06:21:45 GMT" time="19.262" errors="0">
  <testcase name="base" time="19.262" classname="chanzhi.safe_base2"/>
</testsuite> <!-- chanzhi.safe_base2 -->
