<?xml version="1.0" encoding="UTF-8"?>
<!-- Generated by org.testng.reporters.JUnitReportReporter -->
<testsuite skipped="0" hostname="KING" name="chanzhi.safe_admin3" tests="1" failures="0" timestamp="05 十二月 2017 13:41:30 GMT" time="18.411" errors="0">
  <testcase name="admin3" time="18.411" classname="chanzhi.safe_admin3"/>
</testsuite> <!-- chanzhi.safe_admin3 -->
