<?xml version="1.0" encoding="UTF-8"?>
<!-- Generated by org.testng.reporters.JUnitReportReporter -->
<testsuite skipped="0" hostname="KING" name="chanzhi.cache3" tests="1" failures="0" timestamp="01 十二月 2017 08:30:36 GMT" time="12.211" errors="0">
  <testcase name="cache1" time="12.211" classname="chanzhi.cache3"/>
</testsuite> <!-- chanzhi.cache3 -->
