<?xml version="1.0" encoding="UTF-8"?>
<!-- Generated by org.testng.reporters.JUnitReportReporter -->
<testsuite skipped="0" hostname="KING" name="chanzhi.cache8" tests="1" failures="0" timestamp="01 十二月 2017 09:01:08 GMT" time="24.129" errors="0">
  <testcase name="cache1" time="24.129" classname="chanzhi.cache8"/>
</testsuite> <!-- chanzhi.cache8 -->
