<?xml version="1.0" encoding="UTF-8"?>
<!-- Generated by org.testng.reporters.JUnitReportReporter -->
<testsuite skipped="0" hostname="KING" name="chanzhi.safe_login3" tests="1" failures="0" timestamp="05 十二月 2017 13:01:30 GMT" time="26.647" errors="0">
  <testcase name="login3" time="26.647" classname="chanzhi.safe_login3"/>
</testsuite> <!-- chanzhi.safe_login3 -->
