<?xml version="1.0" encoding="UTF-8"?>
<!-- Generated by org.testng.reporters.JUnitReportReporter -->
<testsuite skipped="0" hostname="KING" name="chanzhi.registration1_1" tests="1" failures="0" timestamp="04 十二月 2017 04:07:37 GMT" time="26.266" errors="0">
  <testcase name="registration" time="26.266" classname="chanzhi.registration1_1"/>
</testsuite> <!-- chanzhi.registration1_1 -->
