<?xml version="1.0" encoding="UTF-8"?>
<!-- Generated by org.testng.reporters.JUnitReportReporter -->
<testsuite skipped="0" hostname="KING" name="chanzhi.CDN2" tests="1" failures="0" timestamp="01 十二月 2017 07:50:34 GMT" time="15.124" errors="0">
  <testcase name="CDN" time="15.124" classname="chanzhi.CDN2"/>
</testsuite> <!-- chanzhi.CDN2 -->
