<?xml version="1.0" encoding="UTF-8"?>
<!-- Generated by org.testng.reporters.JUnitReportReporter -->
<testsuite skipped="0" hostname="KING" name="chanzhi.safe_login1" tests="1" failures="0" timestamp="05 十二月 2017 12:30:55 GMT" time="16.463" errors="0">
  <testcase name="login1" time="16.463" classname="chanzhi.safe_login1"/>
</testsuite> <!-- chanzhi.safe_login1 -->
