<?xml version="1.0" encoding="UTF-8"?>
<!-- Generated by org.testng.reporters.JUnitReportReporter -->
<testsuite skipped="0" hostname="KING" name="chanzhi.safe_black2" tests="1" failures="0" timestamp="05 十二月 2017 08:26:35 GMT" time="18.909" errors="0">
  <testcase name="black" time="18.909" classname="chanzhi.safe_black2"/>
</testsuite> <!-- chanzhi.safe_black2 -->
