<?xml version="1.0" encoding="UTF-8"?>
<!-- Generated by org.testng.reporters.JUnitReportReporter -->
<testsuite skipped="0" hostname="KING" name="chanzhi.address" tests="1" failures="0" timestamp="01 十二月 2017 06:31:24 GMT" time="14.405" errors="0">
  <testcase name="address" time="14.405" classname="chanzhi.address"/>
</testsuite> <!-- chanzhi.address -->
