<?xml version="1.0" encoding="UTF-8"?>
<!-- Generated by org.testng.reporters.JUnitReportReporter -->
<testsuite skipped="0" hostname="KING" name="chanzhi.integral_rules4" tests="1" failures="0" timestamp="23 十一月 2017 07:33:35 GMT" time="44.036" errors="0">
  <testcase name="test4" time="44.036" classname="chanzhi.integral_rules4"/>
</testsuite> <!-- chanzhi.integral_rules4 -->
