<?xml version="1.0" encoding="UTF-8"?>
<!-- Generated by org.testng.reporters.JUnitReportReporter -->
<testsuite skipped="0" hostname="KING" name="chanzhi.integral_settlement" tests="1" failures="0" timestamp="23 十一月 2017 07:02:41 GMT" time="17.982" errors="0">
  <testcase name="test1" time="17.982" classname="chanzhi.integral_settlement"/>
</testsuite> <!-- chanzhi.integral_settlement -->
